<?xml version="1.0" encoding="UTF-8"?>
<testsuite xmlns:xsi="http://www.w3.org/2001/XMLSchema-instance" xsi:noNamespaceSchemaLocation="https://maven.apache.org/surefire/maven-surefire-plugin/xsd/surefire-test-report-3.0.xsd" version="3.0" name="com.tarifa.TarifaAereaTest" time="0.248" tests="27" errors="0" skipped="0" failures="0">
  <properties>
[...]
</properties>
  <testcase name="testConoceMundoConNinos" classname="com.tarifa.TarifaAereaTest" time="0.078"/>
  <testcase name="testGorrion_FallaClase" classname="com.tarifa.TarifaAereaTest" time="0.005"/>
  <testcase name="testConoceMundo_FallaClase" classname="com.tarifa.TarifaAereaTest" time="0.001"/>
  <testcase name="testConoceMundoSinNinos_DestinoAmerica" classname="com.tarifa.TarifaAereaTest" time="0.003"/>
  <testcase name="testConoceEuropaSinNinos" classname="com.tarifa.TarifaAereaTest" time="0.003"/>
  <testcase name="testViajaAhoraQuePuedes_FallaVuelos" classname="com.tarifa.TarifaAereaTest" time="0.002"/>
  <testcase name="testPajarillo_FallaEdad" classname="com.tarifa.TarifaAereaTest" time="0.001"/>
  <testcase name="branch_ConoceMundo_DestinoNoValido" classname="com.tarifa.TarifaAereaTest" time="0.002"/>
  <testcase name="testGorrion_FallaEstudiante" classname="com.tarifa.TarifaAereaTest" time="0.002"/>
  <testcase name="testMainMethodCoverage" classname="com.tarifa.TarifaAereaTest" time="0.005">
    <system-out><![CDATA[Tarifa asignada: Conoce el Mundo con tus peques
]]></system-out>
  </testcase>
  <testcase name="testGorrion_CondicionesCumplidas" classname="com.tarifa.TarifaAereaTest" time="0.002"/>
  <testcase name="branch_ConoceMundo_FallaVuelos" classname="com.tarifa.TarifaAereaTest" time="0.002"/>
  <testcase name="testViajaAhoraQuePuedes_CondicionesCumplidas" classname="com.tarifa.TarifaAereaTest" time="0.002"/>
  <testcase name="testSinTarifaDisponible_FalloGeneral" classname="com.tarifa.TarifaAereaTest" time="0.001"/>
  <testcase name="testViajaAhoraQuePuedes_FallaClase" classname="com.tarifa.TarifaAereaTest" time="0.002"/>
  <testcase name="branch_ConoceEuropa_DestinoIncorrecto" classname="com.tarifa.TarifaAereaTest" time="0.003"/>
  <testcase name="testConoceMundo_FallaIngresos" classname="com.tarifa.TarifaAereaTest" time="0.001"/>
  <testcase name="testPajarillo_FallaVuelos" classname="com.tarifa.TarifaAereaTest" time="0.001"/>
  <testcase name="testConoceEuropa_FallaVuelos" classname="com.tarifa.TarifaAereaTest" time="0.002"/>
  <testcase name="testAtreviendoseASaltarDelNido_CondicionesCumplidas" classname="com.tarifa.TarifaAereaTest" time="0.002"/>
  <testcase name="branch_ConoceEuropa_FallaClase" classname="com.tarifa.TarifaAereaTest" time="0.001"/>
  <testcase name="testConoceMundoSinNinos_DestinoAsia" classname="com.tarifa.TarifaAereaTest" time="0.001"/>
  <testcase name="testConoceEuropaConNinos" classname="com.tarifa.TarifaAereaTest" time="0.001"/>
  <testcase name="testGorrion_FallaVuelos" classname="com.tarifa.TarifaAereaTest" time="0.001"/>
  <testcase name="testConoceEuropa_FallaIngresosAltos" classname="com.tarifa.TarifaAereaTest" time="0.002"/>
  <testcase name="testPajarillo_CondicionesCumplidas" classname="com.tarifa.TarifaAereaTest" time="0.002"/>
  <testcase name="testConoceEuropa_FallaIngresosBajos" classname="com.tarifa.TarifaAereaTest" time="0.002"/>
</testsuite>