<?xml version="1.0" encoding="UTF-8" standalone="yes"?><!DOCTYPE report PUBLIC "-//JACOCO//DTD Report 1.1//EN" "report.dtd"><report name="ISO2-Testing-Proyecto"><sessioninfo id="LAPTOP-VGDBN7GD-d699e48a" start="1765832660177" dump="1765832661334"/><sessioninfo id="LAPTOP-VGDBN7GD-f48a5a35" start="1765832733913" dump="1765832735070"/><sessioninfo id="LAPTOP-VGDBN7GD-861cdee9" start="1765833077462" dump="1765833078696"/><sessioninfo id="LAPTOP-VGDBN7GD-6fd0a97c" start="1765879860275" dump="1765879861608"/><sessioninfo id="LAPTOP-VGDBN7GD-d295872a" start="1765879917009" dump="1765879918453"/><package name="com/tarifa"><class name="com/tarifa/TarifaAerea" sourcefilename="TarifaAerea.java"><method name="&lt;init&gt;" desc="()V" line="3"><counter type="INSTRUCTION" missed="0" covered="3"/><counter type="LINE" missed="0" covered="1"/><counter type="COMPLEXITY" missed="0" covered="1"/><counter type="METHOD" missed="0" covered="1"/></method><method name="calcularTarifaAerea" desc="(IIZZZLjava/lang/String;Ljava/lang/String;DZ)Ljava/lang/String;" line="20"><counter type="INSTRUCTION" missed="0" covered="106"/><counter type="BRANCH" missed="11" covered="45"/><counter type="LINE" missed="0" covered="32"/><counter type="COMPLEXITY" missed="11" covered="18"/><counter type="METHOD" missed="0" covered="1"/></method><counter type="INSTRUCTION" missed="0" covered="109"/><counter type="BRANCH" missed="11" covered="45"/><counter type="LINE" missed="0" covered="33"/><counter type="COMPLEXITY" missed="11" covered="19"/><counter type="METHOD" missed="0" covered="2"/><counter type="CLASS" missed="0" covered="1"/></class><sourcefile name="TarifaAerea.java"><line nr="3" mi="0" ci="3" mb="0" cb="0"/><line nr="20" mi="0" ci="6" mb="1" cb="3"/><line nr="21" mi="0" ci="2" mb="0" cb="0"/><line nr="27" mi="0" ci="6" mb="1" cb="3"/><line nr="28" mi="0" ci="2" mb="0" cb="2"/><line nr="29" mi="0" ci="4" mb="1" cb="1"/><line nr="30" mi="0" ci="3" mb="1" cb="1"/><line nr="31" mi="0" ci="2" mb="0" cb="0"/><line nr="37" mi="0" ci="8" mb="2" cb="4"/><line nr="39" mi="0" ci="2" mb="0" cb="2"/><line nr="40" mi="0" ci="4" mb="0" cb="2"/><line nr="41" mi="0" ci="3" mb="1" cb="1"/><line nr="42" mi="0" ci="2" mb="0" cb="0"/><line nr="45" mi="0" ci="2" mb="0" cb="2"/><line nr="46" mi="0" ci="2" mb="0" cb="0"/><line nr="53" mi="0" ci="3" mb="0" cb="2"/><line nr="54" mi="0" ci="8" mb="0" cb="4"/><line nr="55" mi="0" ci="3" mb="1" cb="1"/><line nr="56" mi="0" ci="4" mb="1" cb="1"/><line nr="57" mi="0" ci="4" mb="0" cb="2"/><line nr="59" mi="0" ci="2" mb="0" cb="2"/><line nr="60" mi="0" ci="2" mb="0" cb="0"/><line nr="62" mi="0" ci="2" mb="0" cb="0"/><line nr="69" mi="0" ci="3" mb="0" cb="2"/><line nr="70" mi="0" ci="4" mb="0" cb="2"/><line nr="71" mi="0" ci="3" mb="1" cb="1"/><line nr="72" mi="0" ci="4" mb="1" cb="1"/><line nr="73" mi="0" ci="4" mb="0" cb="2"/><line nr="74" mi="0" ci="4" mb="0" cb="2"/><line nr="76" mi="0" ci="2" mb="0" cb="2"/><line nr="77" mi="0" ci="2" mb="0" cb="0"/><line nr="79" mi="0" ci="2" mb="0" cb="0"/><line nr="86" mi="0" ci="2" mb="0" cb="0"/><counter type="INSTRUCTION" missed="0" covered="109"/><counter type="BRANCH" missed="11" covered="45"/><counter type="LINE" missed="0" covered="33"/><counter type="COMPLEXITY" missed="11" covered="19"/><counter type="METHOD" missed="0" covered="2"/><counter type="CLASS" missed="0" covered="1"/></sourcefile><counter type="INSTRUCTION" missed="0" covered="109"/><counter type="BRANCH" missed="11" covered="45"/><counter type="LINE" missed="0" covered="33"/><counter type="COMPLEXITY" missed="11" covered="19"/><counter type="METHOD" missed="0" covered="2"/><counter type="CLASS" missed="0" covered="1"/></package><counter type="INSTRUCTION" missed="0" covered="109"/><counter type="BRANCH" missed="11" covered="45"/><counter type="LINE" missed="0" covered="33"/><counter type="COMPLEXITY" missed="11" covered="19"/><counter type="METHOD" missed="0" covered="2"/><counter type="CLASS" missed="0" covered="1"/></report>